<?xml version="1.0" encoding="UTF-8"?>
<testsuite xmlns:xsi="http://www.w3.org/2001/XMLSchema-instance" xsi:noNamespaceSchemaLocation="https://maven.apache.org/surefire/maven-surefire-plugin/xsd/surefire-test-report-3.0.xsd" version="3.0" name="Main_ESTest" time="0.002" tests="2" errors="0" skipped="0" failures="0">
  <properties>
[...]
</properties>
  <testcase name="test0" classname="Main_ESTest" time="0.001">
    <system-out><![CDATA[Prime: Number 9 is prime
PrimeFlawed: Number 13 is not prime
]]></system-out>
  </testcase>
  <testcase name="test1" classname="Main_ESTest" time="0"/>
</testsuite>